# JRE version: Java(TM) SE Runtime Environment (8.0_202-b08) (build 1.8.0_202-b08)
# Java VM: Java HotSpot(TM) 64-Bit Server VM (25.202-b08 mixed mode windows-amd64 compressed oops)
Heap:
 PSYoungGen      total 232960K, used 155110K [0x00000000f1c00000, 0x0000000100000000, 0x0000000100000000)
  eden space 232448K, 66% used [0x00000000f1c00000,0x00000000fb369900,0x00000000fff00000)
  from space 512K, 12% used [0x00000000fff80000,0x00000000fff90000,0x0000000100000000)
  to   space 512K, 0% used [0x00000000fff00000,0x00000000fff00000,0x00000000fff80000)
 ParOldGen       total 36864K, used 29380K [0x00000000d5400000, 0x00000000d7800000, 0x00000000f1c00000)
  object space 36864K, 79% used [0x00000000d5400000,0x00000000d70b1398,0x00000000d7800000)
 Metaspace       used 19734K, capacity 20082K, committed 20352K, reserved 1067008K
  class space    used 2235K, capacity 2351K, committed 2432K, reserved 1048576K
GC Heap History (10 events):
Event: 2156.900 GC heap before
{Heap before GC invocations=19508 (full 4):
 PSYoungGen      total 232960K, used 232480K [0x00000000f1c00000, 0x0000000100000000, 0x0000000100000000)
  eden space 232448K, 100% used [0x00000000f1c00000,0x00000000fff00000,0x00000000fff00000)
  from space 512K, 6% used [0x00000000fff00000,0x00000000fff08000,0x00000000fff80000)
  to   space 512K, 0% used [0x00000000fff80000,0x00000000fff80000,0x0000000100000000)
 ParOldGen       total 36864K, used 29364K [0x00000000d5400000, 0x00000000d7800000, 0x00000000f1c00000)
  object space 36864K, 79% used [0x00000000d5400000,0x00000000d70ad398,0x00000000d7800000)
 Metaspace       used 19734K, capacity 20082K, committed 20352K, reserved 1067008K
  class space    used 2235K, capacity 2351K, committed 2432K, reserved 1048576K
Event: 2156.901 GC heap after
Heap after GC invocations=19508 (full 4):
 PSYoungGen      total 232960K, used 64K [0x00000000f1c00000, 0x0000000100000000, 0x0000000100000000)
  eden space 232448K, 0% used [0x00000000f1c00000,0x00000000f1c00000,0x00000000fff00000)
  from space 512K, 12% used [0x00000000fff80000,0x00000000fff90000,0x0000000100000000)
  to   space 512K, 0% used [0x00000000fff00000,0x00000000fff00000,0x00000000fff80000)
 ParOldGen       total 36864K, used 29380K [0x00000000d5400000, 0x00000000d7800000, 0x00000000f1c00000)
  object space 36864K, 79% used [0x00000000d5400000,0x00000000d70b1398,0x00000000d7800000)
 Metaspace       used 19734K, capacity 20082K, committed 20352K, reserved 1067008K
  class space    used 2235K, capacity 2351K, committed 2432K, reserved 1048576K
}
Event: 2157.691 GC heap before
{Heap before GC invocations=19509 (full 4):
 PSYoungGen      total 232960K, used 232512K [0x00000000f1c00000, 0x0000000100000000, 0x0000000100000000)
  eden space 232448K, 100% used [0x00000000f1c00000,0x00000000fff00000,0x00000000fff00000)
  from space 512K, 12% used [0x00000000fff80000,0x00000000fff90000,0x0000000100000000)
  to   space 512K, 0% used [0x00000000fff00000,0x00000000fff00000,0x00000000fff80000)
 ParOldGen       total 36864K, used 29380K [0x00000000d5400000, 0x00000000d7800000, 0x00000000f1c00000)
  object space 36864K, 79% used [0x00000000d5400000,0x00000000d70b1398,0x00000000d7800000)
 Metaspace       used 19734K, capacity 20082K, committed 20352K, reserved 1067008K
  class space    used 2235K, capacity 2351K, committed 2432K, reserved 1048576K
Event: 2157.692 GC heap after
Heap after GC invocations=19509 (full 4):
 PSYoungGen      total 232960K, used 64K [0x00000000f1c00000, 0x0000000100000000, 0x0000000100000000)
  eden space 232448K, 0% used [0x00000000f1c00000,0x00000000f1c00000,0x00000000fff00000)
  from space 512K, 12% used [0x00000000fff00000,0x00000000fff10000,0x00000000fff80000)
  to   space 512K, 0% used [0x00000000fff80000,0x00000000fff80000,0x0000000100000000)
 ParOldGen       total 36864K, used 29380K [0x00000000d5400000, 0x00000000d7800000, 0x00000000f1c00000)
  object space 36864K, 79% used [0x00000000d5400000,0x00000000d70b1398,0x00000000d7800000)
 Metaspace       used 19734K, capacity 20082K, committed 20352K, reserved 1067008K
  class space    used 2235K, capacity 2351K, committed 2432K, reserved 1048576K
}
Event: 2158.723 GC heap before
{Heap before GC invocations=19510 (full 4):
 PSYoungGen      total 232960K, used 232512K [0x00000000f1c00000, 0x0000000100000000, 0x0000000100000000)
  eden space 232448K, 100% used [0x00000000f1c00000,0x00000000fff00000,0x00000000fff00000)
  from space 512K, 12% used [0x00000000fff00000,0x00000000fff10000,0x00000000fff80000)
  to   space 512K, 0% used [0x00000000fff80000,0x00000000fff80000,0x0000000100000000)
 ParOldGen       total 36864K, used 29380K [0x00000000d5400000, 0x00000000d7800000, 0x00000000f1c00000)
  object space 36864K, 79% used [0x00000000d5400000,0x00000000d70b1398,0x00000000d7800000)
 Metaspace       used 19734K, capacity 20082K, committed 20352K, reserved 1067008K
  class space    used 2235K, capacity 2351K, committed 2432K, reserved 1048576K
Event: 2158.723 GC heap after
Heap after GC invocations=19510 (full 4):
 PSYoungGen      total 222208K, used 64K [0x00000000f1c00000, 0x0000000100000000, 0x0000000100000000)
  eden space 221696K, 0% used [0x00000000f1c00000,0x00000000f1c00000,0x00000000ff480000)
  from space 512K, 12% used [0x00000000fff80000,0x00000000fff90000,0x0000000100000000)
  to   space 512K, 0% used [0x00000000fff00000,0x00000000fff00000,0x00000000fff80000)
 ParOldGen       total 36864K, used 29380K [0x00000000d5400000, 0x00000000d7800000, 0x00000000f1c00000)
  object space 36864K, 79% used [0x00000000d5400000,0x00000000d70b1398,0x00000000d7800000)
 Metaspace       used 19734K, capacity 20082K, committed 20352K, reserved 1067008K
  class space    used 2235K, capacity 2351K, committed 2432K, reserved 1048576K
}
Event: 2159.453 GC heap before
{Heap before GC invocations=19511 (full 4):
 PSYoungGen      total 222208K, used 221760K [0x00000000f1c00000, 0x0000000100000000, 0x0000000100000000)
  eden space 221696K, 100% used [0x00000000f1c00000,0x00000000ff480000,0x00000000ff480000)
  from space 512K, 12% used [0x00000000fff80000,0x00000000fff90000,0x0000000100000000)
  to   space 512K, 0% used [0x00000000fff00000,0x00000000fff00000,0x00000000fff80000)
 ParOldGen       total 36864K, used 29380K [0x00000000d5400000, 0x00000000d7800000, 0x00000000f1c00000)
  object space 36864K, 79% used [0x00000000d5400000,0x00000000d70b1398,0x00000000d7800000)
 Metaspace       used 19734K, capacity 20082K, committed 20352K, reserved 1067008K
  class space    used 2235K, capacity 2351K, committed 2432K, reserved 1048576K
Event: 2159.519 GC heap after
Heap after GC invocations=19511 (full 4):
 PSYoungGen      total 232960K, used 64K [0x00000000f1c00000, 0x0000000100000000, 0x0000000100000000)
  eden space 232448K, 0% used [0x00000000f1c00000,0x00000000f1c00000,0x00000000fff00000)
  from space 512K, 12% used [0x00000000fff00000,0x00000000fff10000,0x00000000fff80000)
  to   space 512K, 0% used [0x00000000fff80000,0x00000000fff80000,0x0000000100000000)
 ParOldGen       total 36864K, used 29380K [0x00000000d5400000, 0x00000000d7800000, 0x00000000f1c00000)
  object space 36864K, 79% used [0x00000000d5400000,0x00000000d70b1398,0x00000000d7800000)
 Metaspace       used 19734K, capacity 20082K, committed 20352K, reserved 1067008K
  class space    used 2235K, capacity 2351K, committed 2432K, reserved 1048576K
}
Event: 2160.443 GC heap before
{Heap before GC invocations=19512 (full 4):
 PSYoungGen      total 232960K, used 232512K [0x00000000f1c00000, 0x0000000100000000, 0x0000000100000000)
  eden space 232448K, 100% used [0x00000000f1c00000,0x00000000fff00000,0x00000000fff00000)
  from space 512K, 12% used [0x00000000fff00000,0x00000000fff10000,0x00000000fff80000)
  to   space 512K, 0% used [0x00000000fff80000,0x00000000fff80000,0x0000000100000000)
 ParOldGen       total 36864K, used 29380K [0x00000000d5400000, 0x00000000d7800000, 0x00000000f1c00000)
  object space 36864K, 79% used [0x00000000d5400000,0x00000000d70b1398,0x00000000d7800000)
 Metaspace       used 19734K, capacity 20082K, committed 20352K, reserved 1067008K
  class space    used 2235K, capacity 2351K, committed 2432K, reserved 1048576K
Event: 2160.444 GC heap after
Heap after GC invocations=19512 (full 4):
 PSYoungGen      total 232960K, used 64K [0x00000000f1c00000, 0x0000000100000000, 0x0000000100000000)
  eden space 232448K, 0% used [0x00000000f1c00000,0x00000000f1c00000,0x00000000fff00000)
  from space 512K, 12% used [0x00000000fff80000,0x00000000fff90000,0x0000000100000000)
  to   space 512K, 0% used [0x00000000fff00000,0x00000000fff00000,0x00000000fff80000)
 ParOldGen       total 36864K, used 29380K [0x00000000d5400000, 0x00000000d7800000, 0x00000000f1c00000)
  object space 36864K, 79% used [0x00000000d5400000,0x00000000d70b1398,0x00000000d7800000)
 Metaspace       used 19734K, capacity 20082K, committed 20352K, reserved 1067008K
  class space    used 2235K, capacity 2351K, committed 2432K, reserved 1048576K
}

